<?xml version="1.0" encoding="UTF-8"?>
<testng-results skipped="0" failed="0" ignored="0" total="1" passed="1">
  <reporter-output>
  </reporter-output>
  <suite name="Default Suite" duration-ms="8056" started-at="2021-07-23T18:42:36 JST" finished-at="2021-07-23T18:42:44 JST">
    <groups>
    </groups>
    <test name="WebDriverTest" duration-ms="8056" started-at="2021-07-23T18:42:36 JST" finished-at="2021-07-23T18:42:44 JST">
      <class name="selenium.FirstTestNg">
        <test-method status="PASS" signature="verifyHomepageTitle()[pri:0, instance:selenium.FirstTestNg@5b275dab]" name="verifyHomepageTitle" duration-ms="7963" started-at="2021-07-23T18:42:36 JST" finished-at="2021-07-23T18:42:44 JST">
          <reporter-output>
          </reporter-output>
        </test-method> <!-- verifyHomepageTitle -->
      </class> <!-- selenium.FirstTestNg -->
    </test> <!-- WebDriverTest -->
  </suite> <!-- Default Suite -->
</testng-results>
